mpicc-openmpi-mp -pipe  -DVERSION=\"0\" -DCURR_MODULE_NAME=\"SnacPlastic\" -DPLUGIN_NAME=SnacPlastic -Wall -g    -c -o /Users/Tian/opt/snac/build/tmp/mod-SnacPlasticmodule.so/Element.o -I/Users/Tian/opt/snac/build/include   -I/Users/Tian/opt/snac/build/include/StGermain -I/Users/Tian/opt/snac/build/include   -I/opt/local/include/openmpi-mp   -I/opt/local/include/libxml2      Element.c
mpicc-openmpi-mp -pipe  -DVERSION=\"0\" -DCURR_MODULE_NAME=\"SnacPlastic\" -DPLUGIN_NAME=SnacPlastic -Wall -g    -c -o /Users/Tian/opt/snac/build/tmp/mod-SnacPlasticmodule.so/Context.o -I/Users/Tian/opt/snac/build/include   -I/Users/Tian/opt/snac/build/include/StGermain -I/Users/Tian/opt/snac/build/include   -I/opt/local/include/openmpi-mp   -I/opt/local/include/libxml2      Context.c
mpicc-openmpi-mp -pipe  -DVERSION=\"0\" -DCURR_MODULE_NAME=\"SnacPlastic\" -DPLUGIN_NAME=SnacPlastic -Wall -g    -c -o /Users/Tian/opt/snac/build/tmp/mod-SnacPlasticmodule.so/ConstructExtensions.o -I/Users/Tian/opt/snac/build/include   -I/Users/Tian/opt/snac/build/include/StGermain -I/Users/Tian/opt/snac/build/include   -I/opt/local/include/openmpi-mp   -I/opt/local/include/libxml2      ConstructExtensions.c
mpicc-openmpi-mp -pipe  -DVERSION=\"0\" -DCURR_MODULE_NAME=\"SnacPlastic\" -DPLUGIN_NAME=SnacPlastic -Wall -g    -c -o /Users/Tian/opt/snac/build/tmp/mod-SnacPlasticmodule.so/Constitutive.o -I/Users/Tian/opt/snac/build/include   -I/Users/Tian/opt/snac/build/include/StGermain -I/Users/Tian/opt/snac/build/include   -I/opt/local/include/openmpi-mp   -I/opt/local/include/libxml2      Constitutive.c
Constitutive.c:224:97: warning: passing 'const char [25]' to parameter of type 'char *' discards qualifiers [-Wincompatible-pointer-types-discards-qualifiers]
                                Journal_Firewall( (0>1), "In %s: \"mohrcoulomb\" is the only available yield criterion.\n", __func__ );
                                                                                                                            ^~~~~~~~
/Users/Tian/opt/snac/build/include/StGermain/Base/IO/Journal.h:226:60: note: passing argument to parameter 'fmt' here
        int Journal_Firewall( int expression, void* stream, char* fmt, ... );
                                                                  ^
Constitutive.c:65:17: warning: unused variable 'temperatureEP' [-Wunused-variable]
        EntryPoint*                             temperatureEP = Context_GetEntryPoint( context, "Snac_EP_LoopElementsEnergy" );
                                                ^
2 warnings generated.
mpicc-openmpi-mp -pipe  -DVERSION=\"0\" -DCURR_MODULE_NAME=\"SnacPlastic\" -DPLUGIN_NAME=SnacPlastic -Wall -g    -c -o /Users/Tian/opt/snac/build/tmp/mod-SnacPlasticmodule.so/Output.o -I/Users/Tian/opt/snac/build/include   -I/Users/Tian/opt/snac/build/include/StGermain -I/Users/Tian/opt/snac/build/include   -I/opt/local/include/openmpi-mp   -I/opt/local/include/libxml2      Output.c
mpicc-openmpi-mp -pipe  -DVERSION=\"0\" -DCURR_MODULE_NAME=\"SnacPlastic\" -DPLUGIN_NAME=SnacPlastic -Wall -g    -c -o /Users/Tian/opt/snac/build/tmp/mod-SnacPlasticmodule.so/Register.o -I/Users/Tian/opt/snac/build/include   -I/Users/Tian/opt/snac/build/include/StGermain -I/Users/Tian/opt/snac/build/include   -I/opt/local/include/openmpi-mp   -I/opt/local/include/libxml2      Register.c
mpicc-openmpi-mp -pipe  -DVERSION=\"0\" -DCURR_MODULE_NAME=\"SnacPlastic\" -DPLUGIN_NAME=SnacPlastic -Wall -g    -c -o /Users/Tian/opt/snac/build/tmp/mod-SnacPlasticmodule.so/InitialConditions.o -I/Users/Tian/opt/snac/build/include   -I/Users/Tian/opt/snac/build/include/StGermain -I/Users/Tian/opt/snac/build/include   -I/opt/local/include/openmpi-mp   -I/opt/local/include/libxml2      InitialConditions.c
mpicc-openmpi-mp -pipe  -DVERSION=\"0\" -DCURR_MODULE_NAME=\"SnacPlastic\" -DPLUGIN_NAME=SnacPlastic -Wall -g    -c -o /Users/Tian/opt/snac/build/tmp/mod-SnacPlasticmodule.so/Remesh.o -I/Users/Tian/opt/snac/build/include   -I/Users/Tian/opt/snac/build/include/StGermain -I/Users/Tian/opt/snac/build/include   -I/opt/local/include/openmpi-mp   -I/opt/local/include/libxml2      Remesh.c
mpicc-openmpi-mp -pipe  -DVERSION=\"0\" -DCURR_MODULE_NAME=\"SnacPlastic\" -DPLUGIN_NAME=SnacPlastic -Wall -g   -o /Users/Tian/opt/snac/build/tmp/mod-SnacPlasticmodule.so/SnacPlasticmodule.so /Users/Tian/opt/snac/build/tmp/mod-SnacPlasticmodule.so/Element.o /Users/Tian/opt/snac/build/tmp/mod-SnacPlasticmodule.so/Context.o /Users/Tian/opt/snac/build/tmp/mod-SnacPlasticmodule.so/ConstructExtensions.o /Users/Tian/opt/snac/build/tmp/mod-SnacPlasticmodule.so/Constitutive.o /Users/Tian/opt/snac/build/tmp/mod-SnacPlasticmodule.so/Output.o /Users/Tian/opt/snac/build/tmp/mod-SnacPlasticmodule.so/Register.o /Users/Tian/opt/snac/build/tmp/mod-SnacPlasticmodule.so/InitialConditions.o /Users/Tian/opt/snac/build/tmp/mod-SnacPlasticmodule.so/Remesh.o  -bundle -flat_namespace -undefined suppress  -L/Users/Tian/opt/snac/build/lib   -L/Users/Tian/opt/snac/build/lib  -lSnac -lStGermain   -L/Users/Tian/opt/snac/build/lib -lmpi -L/opt/local/lib/openmpi-mp -lmpi -L/sw/lib    -L/opt/local/lib -lxml2 -lz -lpthread -liconv -lm   -lm -lmx            
ld: warning: directory not found for option '-L/sw/lib'
/bin/cp -f /Users/Tian/opt/snac/build/tmp/mod-SnacPlasticmodule.so/SnacPlasticmodule.so /Users/Tian/opt/snac/build/lib/SnacPlasticmodule.so
